[debug] [2020-09-16T07:57:14.279Z] ----------------------------------------------------------------------
[debug] [2020-09-16T07:57:14.281Z] Command:       C:\Program Files\nodejs\node.exe C:\Users\ghost\AppData\Roaming\npm\node_modules\firebase-tools\lib\bin\firebase.js emulators:start
[debug] [2020-09-16T07:57:14.281Z] CLI Version:   8.10.0
[debug] [2020-09-16T07:57:14.281Z] Platform:      win32
[debug] [2020-09-16T07:57:14.281Z] Node Version:  v10.15.3
[debug] [2020-09-16T07:57:14.282Z] Time:          Wed Sep 16 2020 13:27:14 GMT+0530 (India Standard Time)
[debug] [2020-09-16T07:57:14.283Z] ----------------------------------------------------------------------
[debug] [2020-09-16T07:57:14.283Z] 
[debug] [2020-09-16T07:57:14.295Z] > command requires scopes: ["email","openid","https://www.googleapis.com/auth/cloudplatformprojects.readonly","https://www.googleapis.com/auth/firebase","https://www.googleapis.com/auth/cloud-platform"]
[debug] [2020-09-16T07:57:14.295Z] > authorizing via signed-in user
[info] i  emulators: Starting emulators: functions, hosting {"metadata":{"emulator":{"name":"hub"},"message":"Starting emulators: functions, hosting"}}
[warn] !  emulators: It seems that you are running multiple instances of the emulator suite for project app-c4473. This may result in unexpected behavior. 
[debug] [2020-09-16T07:57:16.368Z] [hub] writing locator at C:\Users\ghost\AppData\Local\Temp\hub-app-c4473.json
[warn] !  functions: The following emulators are not running, calls to these services from the Functions emulator will affect production: firestore, database, pubsub {"metadata":{"emulator":{"name":"functions"},"message":"The following emulators are not running, calls to these services from the Functions emulator will affect production: \u001b[1mfirestore, database, pubsub\u001b[22m"}}
[info] +  functions: Using node@10 from host. {"metadata":{"emulator":{"name":"functions"},"message":"Using node@10 from host."}}
[debug] [2020-09-16T07:57:18.444Z] defaultcredentials: writing to file C:\Users\ghost\AppData\Roaming\firebase\ddas72281_gmail_com_application_default_credentials.json
[debug] [2020-09-16T07:57:18.448Z] Setting GAC to C:\Users\ghost\AppData\Roaming\firebase\ddas72281_gmail_com_application_default_credentials.json {"metadata":{"emulator":{"name":"functions"},"message":"Setting GAC to C:\\Users\\ghost\\AppData\\Roaming\\firebase\\ddas72281_gmail_com_application_default_credentials.json"}}
[debug] [2020-09-16T07:57:20.498Z] > refreshing access token with scopes: ["email","https://www.googleapis.com/auth/cloud-platform","https://www.googleapis.com/auth/cloudplatformprojects.readonly","https://www.googleapis.com/auth/firebase","openid"]
[debug] [2020-09-16T07:57:20.498Z] >>> HTTP REQUEST POST https://www.googleapis.com/oauth2/v3/token  
 <request body omitted>
[debug] [2020-09-16T07:57:20.889Z] <<< HTTP RESPONSE 200 {"content-type":"application/json; charset=utf-8","vary":"X-Origin, Referer, Origin,Accept-Encoding","date":"Wed, 16 Sep 2020 07:57:20 GMT","server":"scaffolding on HTTPServer2","cache-control":"private","x-xss-protection":"0","x-frame-options":"SAMEORIGIN","x-content-type-options":"nosniff","alt-svc":"h3-29=\":443\"; ma=2592000,h3-27=\":443\"; ma=2592000,h3-T051=\":443\"; ma=2592000,h3-T050=\":443\"; ma=2592000,h3-Q050=\":443\"; ma=2592000,h3-Q046=\":443\"; ma=2592000,h3-Q043=\":443\"; ma=2592000,quic=\":443\"; ma=2592000; v=\"46,43\"","accept-ranges":"none","transfer-encoding":"chunked"}
[debug] [2020-09-16T07:57:20.949Z] >>> HTTP REQUEST GET https://firebase.googleapis.com/v1beta1/projects/app-c4473/webApps/-/config  
 
[debug] [2020-09-16T07:57:22.617Z] <<< HTTP RESPONSE 200 {"content-type":"application/json; charset=UTF-8","vary":"X-Origin, Referer, Origin,Accept-Encoding","date":"Wed, 16 Sep 2020 07:57:22 GMT","server":"ESF","cache-control":"private","x-xss-protection":"0","x-frame-options":"SAMEORIGIN","x-content-type-options":"nosniff","alt-svc":"h3-29=\":443\"; ma=2592000,h3-27=\":443\"; ma=2592000,h3-T051=\":443\"; ma=2592000,h3-T050=\":443\"; ma=2592000,h3-Q050=\":443\"; ma=2592000,h3-Q046=\":443\"; ma=2592000,h3-Q043=\":443\"; ma=2592000,quic=\":443\"; ma=2592000; v=\"46,43\"","accept-ranges":"none","transfer-encoding":"chunked"}
[info] i  hosting: Serving hosting files from: build {"metadata":{"emulator":{"name":"hosting"},"message":"Serving hosting files from: \u001b[1mbuild\u001b[22m"}}
[info] +  hosting: Local server: http://localhost:5000 {"metadata":{"emulator":{"name":"hosting"},"message":"Local server: \u001b[4m\u001b[1mhttp://localhost:5000\u001b[22m\u001b[24m"}}
[warn] !  ui: Emulator UI unable to start on port 4000, starting on 4001 instead. {"metadata":{"emulator":{"name":"ui"},"message":"Emulator UI unable to start on port 4000, starting on 4001 instead."}}
[debug] [2020-09-16T07:57:24.786Z] Ignoring unsupported arg: auto_download {"metadata":{"emulator":{"name":"ui"},"message":"Ignoring unsupported arg: auto_download"}}
[debug] [2020-09-16T07:57:24.786Z] Ignoring unsupported arg: port {"metadata":{"emulator":{"name":"ui"},"message":"Ignoring unsupported arg: port"}}
[debug] [2020-09-16T07:57:24.786Z] Starting Emulator UI with command {"binary":"node","args":["C:\\Users\\ghost\\.cache\\firebase\\emulators\\ui-v1.1.1\\server.bundle.js"],"optionalArgs":[],"joinArgs":false} {"metadata":{"emulator":{"name":"ui"},"message":"Starting Emulator UI with command {\"binary\":\"node\",\"args\":[\"C:\\\\Users\\\\ghost\\\\.cache\\\\firebase\\\\emulators\\\\ui-v1.1.1\\\\server.bundle.js\"],\"optionalArgs\":[],\"joinArgs\":false}"}}
[info] i  ui: Emulator UI logging to ui-debug.log {"metadata":{"emulator":{"name":"ui"},"message":"Emulator UI logging to \u001b[1mui-debug.log\u001b[22m"}}
[debug] [2020-09-16T07:57:24.950Z] Web / API server started at http://localhost:4001
 {"metadata":{"emulator":{"name":"ui"},"message":"Web / API server started at http://localhost:4001\n"}}
[info] i  functions: Watching "D:\reactApp\amazon_clone_test\functions" for Cloud Functions... {"metadata":{"emulator":{"name":"functions"},"message":"Watching \"D:\\reactApp\\amazon_clone_test\\functions\" for Cloud Functions..."}}
[debug] [2020-09-16T07:57:25.327Z] [worker-pool] addWorker(~diagnostic~) {"metadata":{"emulator":{"name":"functions"},"message":"[worker-pool] addWorker(~diagnostic~)"}}
[debug] [2020-09-16T07:57:25.327Z] [worker-pool] Adding worker with key ~diagnostic~, total=1 {"metadata":{"emulator":{"name":"functions"},"message":"[worker-pool] Adding worker with key ~diagnostic~, total=1"}}
[debug] [2020-09-16T07:57:25.327Z] [worker-pool] submitWork(triggerId=) {"metadata":{"emulator":{"name":"functions"},"message":"[worker-pool] submitWork(triggerId=)"}}
[debug] [2020-09-16T07:57:25.328Z] [worker-~diagnostic~-96c8a576-b3fd-418c-8f24-3cafa0a0c383]: Assigning socketPath: \\?\pipe\D:\reactApp\amazon_clone_test\functions\11028 {"metadata":{"emulator":{"name":"functions"},"message":"[worker-~diagnostic~-96c8a576-b3fd-418c-8f24-3cafa0a0c383]: Assigning socketPath: \\\\?\\pipe\\D:\\reactApp\\amazon_clone_test\\functions\\11028"}}
[debug] [2020-09-16T07:57:25.328Z] [worker-~diagnostic~-96c8a576-b3fd-418c-8f24-3cafa0a0c383]: BUSY {"metadata":{"emulator":{"name":"functions"},"message":"[worker-~diagnostic~-96c8a576-b3fd-418c-8f24-3cafa0a0c383]: BUSY"}}
